# JRE version: OpenJDK Runtime Environment Temurin-21.0.10+7 (21.0.10+7) (build 21.0.10+7-LTS)
# Java VM: OpenJDK 64-Bit Server VM Temurin-21.0.10+7 (21.0.10+7-LTS, mixed mode, sharing, tiered, compressed oops, compressed class ptrs, parallel gc, windows-amd64)
GC Precious Log:
 CardTable entry size: 512
 CPUs: 12 total, 12 available
 Memory: 16263M
 Large Page Support: Disabled
 NUMA Support: Disabled
 Compressed Oops: Enabled (32-bit)
 Alignments: Space 512K, Generation 512K, Heap 2M
 Heap Min Capacity: 100M
 Heap Initial Capacity: 100M
 Heap Max Capacity: 2G
 Pre-touch: Disabled
 Parallel Workers: 10
Heap:
 PSYoungGen      total 18432K, used 8368K [0x00000000d5580000, 0x00000000d6b00000, 0x0000000100000000)
  eden space 16384K, 42% used [0x00000000d5580000,0x00000000d5c60170,0x00000000d6580000)
  from space 2048K, 64% used [0x00000000d6780000,0x00000000d68cc020,0x00000000d6980000)
  to   space 1536K, 0% used [0x00000000d6980000,0x00000000d6980000,0x00000000d6b00000)
 ParOldGen       total 68608K, used 56143K [0x0000000080000000, 0x0000000084300000, 0x00000000d5580000)
  object space 68608K, 81% used [0x0000000080000000,0x00000000836d3dd8,0x0000000084300000)
 Metaspace       used 62059K, committed 63488K, reserved 1114112K
  class space    used 7294K, committed 7936K, reserved 1048576K
GC Heap History (20 events):
Event: 44.641 GC heap before
{Heap before GC invocations=35 (full 2):
 PSYoungGen      total 17408K, used 16992K [0x00000000d5580000, 0x00000000d6b00000, 0x0000000100000000)
  eden space 16384K, 100% used [0x00000000d5580000,0x00000000d6580000,0x00000000d6580000)
  from space 1024K, 59% used [0x00000000d6a00000,0x00000000d6a98000,0x00000000d6b00000)
  to   space 1024K, 0% used [0x00000000d6900000,0x00000000d6900000,0x00000000d6a00000)
 ParOldGen       total 68608K, used 48183K [0x0000000080000000, 0x0000000084300000, 0x00000000d5580000)
  object space 68608K, 70% used [0x0000000080000000,0x0000000082f0dc60,0x0000000084300000)
 Metaspace       used 53214K, committed 54400K, reserved 1114112K
  class space    used 5994K, committed 6528K, reserved 1048576K
}
Event: 44.642 GC heap after
{Heap after GC invocations=35 (full 2):
 PSYoungGen      total 17408K, used 1019K [0x00000000d5580000, 0x00000000d6d80000, 0x0000000100000000)
  eden space 16384K, 0% used [0x00000000d5580000,0x00000000d5580000,0x00000000d6580000)
  from space 1024K, 99% used [0x00000000d6900000,0x00000000d69fecc8,0x00000000d6a00000)
  to   space 3584K, 0% used [0x00000000d6a00000,0x00000000d6a00000,0x00000000d6d80000)
 ParOldGen       total 68608K, used 50563K [0x0000000080000000, 0x0000000084300000, 0x00000000d5580000)
  object space 68608K, 73% used [0x0000000080000000,0x0000000083160da8,0x0000000084300000)
 Metaspace       used 53214K, committed 54400K, reserved 1114112K
  class space    used 5994K, committed 6528K, reserved 1048576K
}
Event: 45.651 GC heap before
{Heap before GC invocations=36 (full 2):
 PSYoungGen      total 17408K, used 17403K [0x00000000d5580000, 0x00000000d6d80000, 0x0000000100000000)
  eden space 16384K, 100% used [0x00000000d5580000,0x00000000d6580000,0x00000000d6580000)
  from space 1024K, 99% used [0x00000000d6900000,0x00000000d69fecc8,0x00000000d6a00000)
  to   space 3584K, 0% used [0x00000000d6a00000,0x00000000d6a00000,0x00000000d6d80000)
 ParOldGen       total 68608K, used 50563K [0x0000000080000000, 0x0000000084300000, 0x00000000d5580000)
  object space 68608K, 73% used [0x0000000080000000,0x0000000083160da8,0x0000000084300000)
 Metaspace       used 53647K, committed 54912K, reserved 1114112K
  class space    used 6094K, committed 6656K, reserved 1048576K
}
Event: 45.654 GC heap after
{Heap after GC invocations=36 (full 2):
 PSYoungGen      total 18432K, used 1888K [0x00000000d5580000, 0x00000000d6c00000, 0x0000000100000000)
  eden space 16384K, 0% used [0x00000000d5580000,0x00000000d5580000,0x00000000d6580000)
  from space 2048K, 92% used [0x00000000d6a00000,0x00000000d6bd83b8,0x00000000d6c00000)
  to   space 2560K, 0% used [0x00000000d6700000,0x00000000d6700000,0x00000000d6980000)
 ParOldGen       total 68608K, used 51596K [0x0000000080000000, 0x0000000084300000, 0x00000000d5580000)
  object space 68608K, 75% used [0x0000000080000000,0x0000000083263058,0x0000000084300000)
 Metaspace       used 53647K, committed 54912K, reserved 1114112K
  class space    used 6094K, committed 6656K, reserved 1048576K
}
Event: 45.915 GC heap before
{Heap before GC invocations=37 (full 2):
 PSYoungGen      total 18432K, used 18272K [0x00000000d5580000, 0x00000000d6c00000, 0x0000000100000000)
  eden space 16384K, 100% used [0x00000000d5580000,0x00000000d6580000,0x00000000d6580000)
  from space 2048K, 92% used [0x00000000d6a00000,0x00000000d6bd83b8,0x00000000d6c00000)
  to   space 2560K, 0% used [0x00000000d6700000,0x00000000d6700000,0x00000000d6980000)
 ParOldGen       total 68608K, used 51596K [0x0000000080000000, 0x0000000084300000, 0x00000000d5580000)
  object space 68608K, 75% used [0x0000000080000000,0x0000000083263058,0x0000000084300000)
 Metaspace       used 55364K, committed 56704K, reserved 1114112K
  class space    used 6375K, committed 6976K, reserved 1048576K
}
Event: 45.917 GC heap after
{Heap after GC invocations=37 (full 2):
 PSYoungGen      total 17408K, used 768K [0x00000000d5580000, 0x00000000d6a80000, 0x0000000100000000)
  eden space 16384K, 0% used [0x00000000d5580000,0x00000000d5580000,0x00000000d6580000)
  from space 1024K, 75% used [0x00000000d6700000,0x00000000d67c0030,0x00000000d6800000)
  to   space 1536K, 0% used [0x00000000d6900000,0x00000000d6900000,0x00000000d6a80000)
 ParOldGen       total 68608K, used 53256K [0x0000000080000000, 0x0000000084300000, 0x00000000d5580000)
  object space 68608K, 77% used [0x0000000080000000,0x0000000083402248,0x0000000084300000)
 Metaspace       used 55364K, committed 56704K, reserved 1114112K
  class space    used 6375K, committed 6976K, reserved 1048576K
}
Event: 46.276 GC heap before
{Heap before GC invocations=38 (full 2):
 PSYoungGen      total 17408K, used 17152K [0x00000000d5580000, 0x00000000d6a80000, 0x0000000100000000)
  eden space 16384K, 100% used [0x00000000d5580000,0x00000000d6580000,0x00000000d6580000)
  from space 1024K, 75% used [0x00000000d6700000,0x00000000d67c0030,0x00000000d6800000)
  to   space 1536K, 0% used [0x00000000d6900000,0x00000000d6900000,0x00000000d6a80000)
 ParOldGen       total 68608K, used 53256K [0x0000000080000000, 0x0000000084300000, 0x00000000d5580000)
  object space 68608K, 77% used [0x0000000080000000,0x0000000083402248,0x0000000084300000)
 Metaspace       used 57168K, committed 58496K, reserved 1114112K
  class space    used 6691K, committed 7296K, reserved 1048576K
}
Event: 46.277 GC heap after
{Heap after GC invocations=38 (full 2):
 PSYoungGen      total 17408K, used 608K [0x00000000d5580000, 0x00000000d6a00000, 0x0000000100000000)
  eden space 16384K, 0% used [0x00000000d5580000,0x00000000d5580000,0x00000000d6580000)
  from space 1024K, 59% used [0x00000000d6900000,0x00000000d6998000,0x00000000d6a00000)
  to   space 1024K, 0% used [0x00000000d6700000,0x00000000d6700000,0x00000000d6800000)
 ParOldGen       total 68608K, used 53896K [0x0000000080000000, 0x0000000084300000, 0x00000000d5580000)
  object space 68608K, 78% used [0x0000000080000000,0x00000000834a2278,0x0000000084300000)
 Metaspace       used 57168K, committed 58496K, reserved 1114112K
  class space    used 6691K, committed 7296K, reserved 1048576K
}
Event: 46.912 GC heap before
{Heap before GC invocations=39 (full 2):
 PSYoungGen      total 17408K, used 16992K [0x00000000d5580000, 0x00000000d6a00000, 0x0000000100000000)
  eden space 16384K, 100% used [0x00000000d5580000,0x00000000d6580000,0x00000000d6580000)
  from space 1024K, 59% used [0x00000000d6900000,0x00000000d6998000,0x00000000d6a00000)
  to   space 1024K, 0% used [0x00000000d6700000,0x00000000d6700000,0x00000000d6800000)
 ParOldGen       total 68608K, used 53896K [0x0000000080000000, 0x0000000084300000, 0x00000000d5580000)
  object space 68608K, 78% used [0x0000000080000000,0x00000000834a2278,0x0000000084300000)
 Metaspace       used 57554K, committed 58880K, reserved 1114112K
  class space    used 6751K, committed 7360K, reserved 1048576K
}
Event: 46.913 GC heap after
{Heap after GC invocations=39 (full 2):
 PSYoungGen      total 17408K, used 320K [0x00000000d5580000, 0x00000000d6980000, 0x0000000100000000)
  eden space 16384K, 0% used [0x00000000d5580000,0x00000000d5580000,0x00000000d6580000)
  from space 1024K, 31% used [0x00000000d6700000,0x00000000d6750000,0x00000000d6800000)
  to   space 512K, 0% used [0x00000000d6900000,0x00000000d6900000,0x00000000d6980000)
 ParOldGen       total 68608K, used 54335K [0x0000000080000000, 0x0000000084300000, 0x00000000d5580000)
  object space 68608K, 79% used [0x0000000080000000,0x000000008350ff88,0x0000000084300000)
 Metaspace       used 57554K, committed 58880K, reserved 1114112K
  class space    used 6751K, committed 7360K, reserved 1048576K
}
Event: 47.863 GC heap before
{Heap before GC invocations=40 (full 2):
 PSYoungGen      total 17408K, used 16704K [0x00000000d5580000, 0x00000000d6980000, 0x0000000100000000)
  eden space 16384K, 100% used [0x00000000d5580000,0x00000000d6580000,0x00000000d6580000)
  from space 1024K, 31% used [0x00000000d6700000,0x00000000d6750000,0x00000000d6800000)
  to   space 512K, 0% used [0x00000000d6900000,0x00000000d6900000,0x00000000d6980000)
 ParOldGen       total 68608K, used 54335K [0x0000000080000000, 0x0000000084300000, 0x00000000d5580000)
  object space 68608K, 79% used [0x0000000080000000,0x000000008350ff88,0x0000000084300000)
 Metaspace       used 57556K, committed 58880K, reserved 1114112K
  class space    used 6752K, committed 7360K, reserved 1048576K
}
Event: 47.864 GC heap after
{Heap after GC invocations=40 (full 2):
 PSYoungGen      total 16896K, used 320K [0x00000000d5580000, 0x00000000d6980000, 0x0000000100000000)
  eden space 16384K, 0% used [0x00000000d5580000,0x00000000d5580000,0x00000000d6580000)
  from space 512K, 62% used [0x00000000d6900000,0x00000000d6950000,0x00000000d6980000)
  to   space 512K, 0% used [0x00000000d6880000,0x00000000d6880000,0x00000000d6900000)
 ParOldGen       total 68608K, used 54535K [0x0000000080000000, 0x0000000084300000, 0x00000000d5580000)
  object space 68608K, 79% used [0x0000000080000000,0x0000000083541f88,0x0000000084300000)
 Metaspace       used 57556K, committed 58880K, reserved 1114112K
  class space    used 6752K, committed 7360K, reserved 1048576K
}
Event: 48.082 GC heap before
{Heap before GC invocations=41 (full 2):
 PSYoungGen      total 16896K, used 12846K [0x00000000d5580000, 0x00000000d6980000, 0x0000000100000000)
  eden space 16384K, 76% used [0x00000000d5580000,0x00000000d61bb880,0x00000000d6580000)
  from space 512K, 62% used [0x00000000d6900000,0x00000000d6950000,0x00000000d6980000)
  to   space 512K, 0% used [0x00000000d6880000,0x00000000d6880000,0x00000000d6900000)
 ParOldGen       total 68608K, used 54535K [0x0000000080000000, 0x0000000084300000, 0x00000000d5580000)
  object space 68608K, 79% used [0x0000000080000000,0x0000000083541f88,0x0000000084300000)
 Metaspace       used 58420K, committed 59776K, reserved 1114112K
  class space    used 6852K, committed 7424K, reserved 1048576K
}
Event: 48.086 GC heap after
{Heap after GC invocations=41 (full 2):
 PSYoungGen      total 16896K, used 505K [0x00000000d5580000, 0x00000000d6f80000, 0x0000000100000000)
  eden space 16384K, 0% used [0x00000000d5580000,0x00000000d5580000,0x00000000d6580000)
  from space 512K, 98% used [0x00000000d6880000,0x00000000d68fe5d0,0x00000000d6900000)
  to   space 5120K, 0% used [0x00000000d6a80000,0x00000000d6a80000,0x00000000d6f80000)
 ParOldGen       total 68608K, used 58315K [0x0000000080000000, 0x0000000084300000, 0x00000000d5580000)
  object space 68608K, 84% used [0x0000000080000000,0x00000000838f2c10,0x0000000084300000)
 Metaspace       used 58420K, committed 59776K, reserved 1114112K
  class space    used 6852K, committed 7424K, reserved 1048576K
}
Event: 48.086 GC heap before
{Heap before GC invocations=42 (full 3):
 PSYoungGen      total 16896K, used 505K [0x00000000d5580000, 0x00000000d6f80000, 0x0000000100000000)
  eden space 16384K, 0% used [0x00000000d5580000,0x00000000d5580000,0x00000000d6580000)
  from space 512K, 98% used [0x00000000d6880000,0x00000000d68fe5d0,0x00000000d6900000)
  to   space 5120K, 0% used [0x00000000d6a80000,0x00000000d6a80000,0x00000000d6f80000)
 ParOldGen       total 68608K, used 58315K [0x0000000080000000, 0x0000000084300000, 0x00000000d5580000)
  object space 68608K, 84% used [0x0000000080000000,0x00000000838f2c10,0x0000000084300000)
 Metaspace       used 58420K, committed 59776K, reserved 1114112K
  class space    used 6852K, committed 7424K, reserved 1048576K
}
Event: 48.182 GC heap after
{Heap after GC invocations=42 (full 3):
 PSYoungGen      total 16896K, used 0K [0x00000000d5580000, 0x00000000d6f80000, 0x0000000100000000)
  eden space 16384K, 0% used [0x00000000d5580000,0x00000000d5580000,0x00000000d6580000)
  from space 512K, 0% used [0x00000000d6880000,0x00000000d6880000,0x00000000d6900000)
  to   space 5120K, 0% used [0x00000000d6a80000,0x00000000d6a80000,0x00000000d6f80000)
 ParOldGen       total 68608K, used 55723K [0x0000000080000000, 0x0000000084300000, 0x00000000d5580000)
  object space 68608K, 81% used [0x0000000080000000,0x000000008366aeb0,0x0000000084300000)
 Metaspace       used 58420K, committed 59776K, reserved 1114112K
  class space    used 6852K, committed 7424K, reserved 1048576K
}
Event: 48.943 GC heap before
{Heap before GC invocations=43 (full 3):
 PSYoungGen      total 16896K, used 16384K [0x00000000d5580000, 0x00000000d6f80000, 0x0000000100000000)
  eden space 16384K, 100% used [0x00000000d5580000,0x00000000d6580000,0x00000000d6580000)
  from space 512K, 0% used [0x00000000d6880000,0x00000000d6880000,0x00000000d6900000)
  to   space 5120K, 0% used [0x00000000d6a80000,0x00000000d6a80000,0x00000000d6f80000)
 ParOldGen       total 68608K, used 55723K [0x0000000080000000, 0x0000000084300000, 0x00000000d5580000)
  object space 68608K, 81% used [0x0000000080000000,0x000000008366aeb0,0x0000000084300000)
 Metaspace       used 59983K, committed 61376K, reserved 1114112K
  class space    used 7056K, committed 7680K, reserved 1048576K
}
Event: 48.944 GC heap after
{Heap after GC invocations=43 (full 3):
 PSYoungGen      total 17408K, used 672K [0x00000000d5580000, 0x00000000d6b80000, 0x0000000100000000)
  eden space 16384K, 0% used [0x00000000d5580000,0x00000000d5580000,0x00000000d6580000)
  from space 1024K, 65% used [0x00000000d6a80000,0x00000000d6b28020,0x00000000d6b80000)
  to   space 2048K, 0% used [0x00000000d6780000,0x00000000d6780000,0x00000000d6980000)
 ParOldGen       total 68608K, used 55731K [0x0000000080000000, 0x0000000084300000, 0x00000000d5580000)
  object space 68608K, 81% used [0x0000000080000000,0x000000008366ceb0,0x0000000084300000)
 Metaspace       used 59983K, committed 61376K, reserved 1114112K
  class space    used 7056K, committed 7680K, reserved 1048576K
}
Event: 76.755 GC heap before
{Heap before GC invocations=44 (full 3):
 PSYoungGen      total 17408K, used 17056K [0x00000000d5580000, 0x00000000d6b80000, 0x0000000100000000)
  eden space 16384K, 100% used [0x00000000d5580000,0x00000000d6580000,0x00000000d6580000)
  from space 1024K, 65% used [0x00000000d6a80000,0x00000000d6b28020,0x00000000d6b80000)
  to   space 2048K, 0% used [0x00000000d6780000,0x00000000d6780000,0x00000000d6980000)
 ParOldGen       total 68608K, used 55731K [0x0000000080000000, 0x0000000084300000, 0x00000000d5580000)
  object space 68608K, 81% used [0x0000000080000000,0x000000008366ceb0,0x0000000084300000)
 Metaspace       used 61332K, committed 62784K, reserved 1114112K
  class space    used 7224K, committed 7872K, reserved 1048576K
}
Event: 76.756 GC heap after
{Heap after GC invocations=44 (full 3):
 PSYoungGen      total 18432K, used 1328K [0x00000000d5580000, 0x00000000d6b00000, 0x0000000100000000)
  eden space 16384K, 0% used [0x00000000d5580000,0x00000000d5580000,0x00000000d6580000)
  from space 2048K, 64% used [0x00000000d6780000,0x00000000d68cc020,0x00000000d6980000)
  to   space 1536K, 0% used [0x00000000d6980000,0x00000000d6980000,0x00000000d6b00000)
 ParOldGen       total 68608K, used 56143K [0x0000000080000000, 0x0000000084300000, 0x00000000d5580000)
  object space 68608K, 81% used [0x0000000080000000,0x00000000836d3dd8,0x0000000084300000)
 Metaspace       used 61332K, committed 62784K, reserved 1114112K
  class space    used 7224K, committed 7872K, reserved 1048576K
}

